  [1m[35m (5.3ms)[0m  [1m[35mCREATE TABLE "schema_migrations" ("version" character varying PRIMARY KEY)[0m
  [1m[35m (2.4ms)[0m  [1m[35mCREATE TABLE "ar_internal_metadata" ("key" character varying PRIMARY KEY, "value" character varying, "created_at" timestamp NOT NULL, "updated_at" timestamp NOT NULL)[0m
  [1m[35m (0.2ms)[0m  [1m[34mSELECT pg_try_advisory_lock(3126383731330865250);[0m
  [1m[36mActiveRecord::SchemaMigration Load (0.4ms)[0m  [1m[34mSELECT "schema_migrations".* FROM "schema_migrations"[0m
  [1m[36mActiveRecord::InternalMetadata Load (0.3ms)[0m  [1m[34mSELECT  "ar_internal_metadata".* FROM "ar_internal_metadata" WHERE "ar_internal_metadata"."key" = $1 LIMIT $2[0m  [["key", "environment"], ["LIMIT", 1]]
  [1m[35m (0.1ms)[0m  [1m[35mBEGIN[0m
  [1m[35mSQL (0.3ms)[0m  [1m[32mINSERT INTO "ar_internal_metadata" ("key", "value", "created_at", "updated_at") VALUES ($1, $2, $3, $4) RETURNING "key"[0m  [["key", "environment"], ["value", "development"], ["created_at", "2017-06-16 04:25:52.491488"], ["updated_at", "2017-06-16 04:25:52.491488"]]
  [1m[35m (0.3ms)[0m  [1m[35mCOMMIT[0m
  [1m[35m (0.2ms)[0m  [1m[34mSELECT pg_advisory_unlock(3126383731330865250)[0m
  [1m[36mActiveRecord::SchemaMigration Load (0.2ms)[0m  [1m[34mSELECT "schema_migrations".* FROM "schema_migrations"[0m
Started GET "/" for 127.0.0.1 at 2017-06-15 21:33:33 -0700
Processing by Rails::WelcomeController#index as HTML
  Parameters: {"internal"=>true}
  Rendering /usr/local/lib/ruby/gems/2.4.0/gems/railties-5.0.3/lib/rails/templates/rails/welcome/index.html.erb
  Rendered /usr/local/lib/ruby/gems/2.4.0/gems/railties-5.0.3/lib/rails/templates/rails/welcome/index.html.erb (3.5ms)
Completed 200 OK in 18ms (Views: 8.2ms | ActiveRecord: 0.0ms)


  [1m[35m (0.2ms)[0m  [1m[34mSELECT pg_try_advisory_lock(3126383731330865250);[0m
  [1m[36mActiveRecord::SchemaMigration Load (1.2ms)[0m  [1m[34mSELECT "schema_migrations".* FROM "schema_migrations"[0m
Migrating to CreateBlogs (20170616043926)
  [1m[35m (0.1ms)[0m  [1m[35mBEGIN[0m
  [1m[35m (10.2ms)[0m  [1m[35mCREATE TABLE "blogs" ("id" serial primary key, "title" character varying, "body" text, "created_at" timestamp NOT NULL, "updated_at" timestamp NOT NULL)[0m
  [1m[35mSQL (0.3ms)[0m  [1m[32mINSERT INTO "schema_migrations" ("version") VALUES ($1) RETURNING "version"[0m  [["version", "20170616043926"]]
  [1m[35m (1.1ms)[0m  [1m[35mCOMMIT[0m
  [1m[36mActiveRecord::InternalMetadata Load (1.4ms)[0m  [1m[34mSELECT  "ar_internal_metadata".* FROM "ar_internal_metadata" WHERE "ar_internal_metadata"."key" = $1 LIMIT $2[0m  [["key", "environment"], ["LIMIT", 1]]
  [1m[35m (0.2ms)[0m  [1m[35mBEGIN[0m
  [1m[35m (0.1ms)[0m  [1m[35mCOMMIT[0m
  [1m[35m (0.2ms)[0m  [1m[34mSELECT pg_advisory_unlock(3126383731330865250)[0m
  [1m[36mActiveRecord::SchemaMigration Load (0.1ms)[0m  [1m[34mSELECT "schema_migrations".* FROM "schema_migrations"[0m
Started GET "/" for 127.0.0.1 at 2017-06-15 21:45:45 -0700
  [1m[36mActiveRecord::SchemaMigration Load (0.5ms)[0m  [1m[34mSELECT "schema_migrations".* FROM "schema_migrations"[0m
Processing by Rails::WelcomeController#index as HTML
  Parameters: {"internal"=>true}
  Rendering /usr/local/lib/ruby/gems/2.4.0/gems/railties-5.0.3/lib/rails/templates/rails/welcome/index.html.erb
  Rendered /usr/local/lib/ruby/gems/2.4.0/gems/railties-5.0.3/lib/rails/templates/rails/welcome/index.html.erb (3.6ms)
Completed 200 OK in 22ms (Views: 9.4ms | ActiveRecord: 0.0ms)


Started GET "/blogs/new" for 127.0.0.1 at 2017-06-15 21:45:52 -0700
Processing by BlogsController#new as HTML
  Rendering blogs/new.html.erb within layouts/application
  Rendered blogs/_form.html.erb (21.5ms)
  Rendered blogs/new.html.erb within layouts/application (23.5ms)
Completed 200 OK in 769ms (Views: 757.5ms | ActiveRecord: 4.2ms)


  [1m[35m (0.2ms)[0m  [1m[34mSELECT pg_try_advisory_lock(3126383731330865250);[0m
  [1m[36mActiveRecord::SchemaMigration Load (3.0ms)[0m  [1m[34mSELECT "schema_migrations".* FROM "schema_migrations"[0m
Migrating to CreateSkills (20170617022053)
  [1m[35m (0.2ms)[0m  [1m[34mSELECT pg_advisory_unlock(3126383731330865250)[0m
  [1m[35m (0.1ms)[0m  [1m[34mSELECT pg_try_advisory_lock(3126383731330865250);[0m
  [1m[36mActiveRecord::SchemaMigration Load (0.4ms)[0m  [1m[34mSELECT "schema_migrations".* FROM "schema_migrations"[0m
Migrating to CreateSkills (20170617022053)
  [1m[35m (0.4ms)[0m  [1m[35mBEGIN[0m
  [1m[35m (24.3ms)[0m  [1m[35mCREATE TABLE "skills" ("id" serial primary key, "title" character varying, "percent_utilized" integer, "created_at" timestamp NOT NULL, "updated_at" timestamp NOT NULL)[0m
  [1m[35mSQL (1.9ms)[0m  [1m[32mINSERT INTO "schema_migrations" ("version") VALUES ($1) RETURNING "version"[0m  [["version", "20170617022053"]]
  [1m[35m (1.2ms)[0m  [1m[35mCOMMIT[0m
  [1m[36mActiveRecord::InternalMetadata Load (1.6ms)[0m  [1m[34mSELECT  "ar_internal_metadata".* FROM "ar_internal_metadata" WHERE "ar_internal_metadata"."key" = $1 LIMIT $2[0m  [["key", "environment"], ["LIMIT", 1]]
  [1m[35m (0.1ms)[0m  [1m[35mBEGIN[0m
  [1m[35m (0.1ms)[0m  [1m[35mCOMMIT[0m
  [1m[35m (0.2ms)[0m  [1m[34mSELECT pg_advisory_unlock(3126383731330865250)[0m
  [1m[36mActiveRecord::SchemaMigration Load (0.1ms)[0m  [1m[34mSELECT "schema_migrations".* FROM "schema_migrations"[0m
  [1m[36mSkill Load (0.4ms)[0m  [1m[34mSELECT "skills".* FROM "skills"[0m
  [1m[35m (3.1ms)[0m  [1m[34mSELECT pg_try_advisory_lock(3126383731330865250);[0m
  [1m[36mActiveRecord::SchemaMigration Load (5.9ms)[0m  [1m[34mSELECT "schema_migrations".* FROM "schema_migrations"[0m
Migrating to CreatePortfolios (20170627211754)
  [1m[35m (0.3ms)[0m  [1m[35mBEGIN[0m
  [1m[35m (38.7ms)[0m  [1m[35mCREATE TABLE "portfolios" ("id" serial primary key, "title" character varying, "subtitle" character varying, "body" text, "main_image" text, "thumb_image" text, "created_at" timestamp NOT NULL, "updated_at" timestamp NOT NULL)[0m
  [1m[35mSQL (1.2ms)[0m  [1m[32mINSERT INTO "schema_migrations" ("version") VALUES ($1) RETURNING "version"[0m  [["version", "20170627211754"]]
  [1m[35m (1.0ms)[0m  [1m[35mCOMMIT[0m
  [1m[36mActiveRecord::InternalMetadata Load (1.5ms)[0m  [1m[34mSELECT  "ar_internal_metadata".* FROM "ar_internal_metadata" WHERE "ar_internal_metadata"."key" = $1 LIMIT $2[0m  [["key", "environment"], ["LIMIT", 1]]
  [1m[35m (0.1ms)[0m  [1m[35mBEGIN[0m
  [1m[35m (0.1ms)[0m  [1m[35mCOMMIT[0m
  [1m[35m (0.2ms)[0m  [1m[34mSELECT pg_advisory_unlock(3126383731330865250)[0m
  [1m[36mActiveRecord::SchemaMigration Load (0.2ms)[0m  [1m[34mSELECT "schema_migrations".* FROM "schema_migrations"[0m
  [1m[35m (0.1ms)[0m  [1m[34mSELECT pg_try_advisory_lock(3126383731330865250);[0m
  [1m[36mActiveRecord::SchemaMigration Load (0.5ms)[0m  [1m[34mSELECT "schema_migrations".* FROM "schema_migrations"[0m
  [1m[36mActiveRecord::InternalMetadata Load (0.3ms)[0m  [1m[34mSELECT  "ar_internal_metadata".* FROM "ar_internal_metadata" WHERE "ar_internal_metadata"."key" = $1 LIMIT $2[0m  [["key", "environment"], ["LIMIT", 1]]
  [1m[35m (0.1ms)[0m  [1m[35mBEGIN[0m
  [1m[35m (0.1ms)[0m  [1m[35mCOMMIT[0m
  [1m[35m (0.2ms)[0m  [1m[34mSELECT pg_advisory_unlock(3126383731330865250)[0m
  [1m[36mActiveRecord::SchemaMigration Load (0.2ms)[0m  [1m[34mSELECT "schema_migrations".* FROM "schema_migrations"[0m
DEPRECATION WARNING: You didn't set `secret_key_base`. Read the upgrade documentation to learn more about this new config option. (called from env_config at /usr/local/lib/ruby/gems/2.4.0/gems/railties-5.0.3/lib/rails/application.rb:246)
DEPRECATION WARNING: You didn't set `secret_key_base`. Read the upgrade documentation to learn more about this new config option. (called from env_config at /usr/local/lib/ruby/gems/2.4.0/gems/railties-5.0.3/lib/rails/application.rb:246)
DEPRECATION WARNING: You didn't set `secret_key_base`. Read the upgrade documentation to learn more about this new config option. (called from env_config at /usr/local/lib/ruby/gems/2.4.0/gems/railties-5.0.3/lib/rails/application.rb:246)
DEPRECATION WARNING: You didn't set `secret_key_base`. Read the upgrade documentation to learn more about this new config option. (called from env_config at /usr/local/lib/ruby/gems/2.4.0/gems/railties-5.0.3/lib/rails/application.rb:246)
DEPRECATION WARNING: You didn't set `secret_key_base`. Read the upgrade documentation to learn more about this new config option. (called from env_config at /usr/local/lib/ruby/gems/2.4.0/gems/railties-5.0.3/lib/rails/application.rb:246)
DEPRECATION WARNING: You didn't set `secret_key_base`. Read the upgrade documentation to learn more about this new config option. (called from env_config at /usr/local/lib/ruby/gems/2.4.0/gems/railties-5.0.3/lib/rails/application.rb:246)
Started GET "/" for 127.0.0.1 at 2017-06-27 14:58:15 -0700
  [1m[36mActiveRecord::SchemaMigration Load (0.4ms)[0m  [1m[34mSELECT "schema_migrations".* FROM "schema_migrations"[0m
Processing by Rails::WelcomeController#index as HTML
  Parameters: {"internal"=>true}
  Rendering /usr/local/lib/ruby/gems/2.4.0/gems/railties-5.0.3/lib/rails/templates/rails/welcome/index.html.erb
  Rendered /usr/local/lib/ruby/gems/2.4.0/gems/railties-5.0.3/lib/rails/templates/rails/welcome/index.html.erb (4.6ms)
Completed 200 OK in 22ms (Views: 10.7ms | ActiveRecord: 0.0ms)


Started GET "/about" for 127.0.0.1 at 2017-06-27 14:58:25 -0700
  
ActionController::RoutingError (No route matches [GET] "/about"):
  
actionpack (5.0.3) lib/action_dispatch/middleware/debug_exceptions.rb:53:in `call'
web-console (3.5.1) lib/web_console/middleware.rb:135:in `call_app'
web-console (3.5.1) lib/web_console/middleware.rb:28:in `block in call'
web-console (3.5.1) lib/web_console/middleware.rb:18:in `catch'
web-console (3.5.1) lib/web_console/middleware.rb:18:in `call'
actionpack (5.0.3) lib/action_dispatch/middleware/show_exceptions.rb:31:in `call'
railties (5.0.3) lib/rails/rack/logger.rb:36:in `call_app'
railties (5.0.3) lib/rails/rack/logger.rb:24:in `block in call'
activesupport (5.0.3) lib/active_support/tagged_logging.rb:69:in `block in tagged'
activesupport (5.0.3) lib/active_support/tagged_logging.rb:26:in `tagged'
activesupport (5.0.3) lib/active_support/tagged_logging.rb:69:in `tagged'
railties (5.0.3) lib/rails/rack/logger.rb:24:in `call'
sprockets-rails (3.2.0) lib/sprockets/rails/quiet_assets.rb:13:in `call'
actionpack (5.0.3) lib/action_dispatch/middleware/request_id.rb:24:in `call'
rack (2.0.3) lib/rack/method_override.rb:22:in `call'
rack (2.0.3) lib/rack/runtime.rb:22:in `call'
activesupport (5.0.3) lib/active_support/cache/strategy/local_cache_middleware.rb:28:in `call'
actionpack (5.0.3) lib/action_dispatch/middleware/executor.rb:12:in `call'
actionpack (5.0.3) lib/action_dispatch/middleware/static.rb:136:in `call'
rack (2.0.3) lib/rack/sendfile.rb:111:in `call'
railties (5.0.3) lib/rails/engine.rb:522:in `call'
puma (3.9.1) lib/puma/configuration.rb:224:in `call'
puma (3.9.1) lib/puma/server.rb:602:in `handle_request'
puma (3.9.1) lib/puma/server.rb:435:in `process_client'
puma (3.9.1) lib/puma/server.rb:299:in `block in run'
puma (3.9.1) lib/puma/thread_pool.rb:120:in `block in spawn_thread'
  Rendering /usr/local/lib/ruby/gems/2.4.0/gems/actionpack-5.0.3/lib/action_dispatch/middleware/templates/rescues/routing_error.html.erb within rescues/layout
  Rendering /usr/local/lib/ruby/gems/2.4.0/gems/actionpack-5.0.3/lib/action_dispatch/middleware/templates/rescues/_trace.html.erb
  Rendered /usr/local/lib/ruby/gems/2.4.0/gems/actionpack-5.0.3/lib/action_dispatch/middleware/templates/rescues/_trace.html.erb (1.2ms)
  Rendered collection of /usr/local/lib/ruby/gems/2.4.0/gems/actionpack-5.0.3/lib/action_dispatch/middleware/templates/routes/_route.html.erb [19 times] (11.2ms)
  Rendered /usr/local/lib/ruby/gems/2.4.0/gems/actionpack-5.0.3/lib/action_dispatch/middleware/templates/routes/_table.html.erb (9.9ms)
  Rendering /usr/local/lib/ruby/gems/2.4.0/gems/actionpack-5.0.3/lib/action_dispatch/middleware/templates/rescues/_request_and_response.html.erb
  Rendered /usr/local/lib/ruby/gems/2.4.0/gems/actionpack-5.0.3/lib/action_dispatch/middleware/templates/rescues/_request_and_response.html.erb (1.2ms)
  Rendered /usr/local/lib/ruby/gems/2.4.0/gems/actionpack-5.0.3/lib/action_dispatch/middleware/templates/rescues/routing_error.html.erb within rescues/layout (103.7ms)
Started GET "/portfolio" for 127.0.0.1 at 2017-06-27 14:58:35 -0700
  
ActionController::RoutingError (No route matches [GET] "/portfolio"):
  
actionpack (5.0.3) lib/action_dispatch/middleware/debug_exceptions.rb:53:in `call'
web-console (3.5.1) lib/web_console/middleware.rb:135:in `call_app'
web-console (3.5.1) lib/web_console/middleware.rb:28:in `block in call'
web-console (3.5.1) lib/web_console/middleware.rb:18:in `catch'
web-console (3.5.1) lib/web_console/middleware.rb:18:in `call'
actionpack (5.0.3) lib/action_dispatch/middleware/show_exceptions.rb:31:in `call'
railties (5.0.3) lib/rails/rack/logger.rb:36:in `call_app'
railties (5.0.3) lib/rails/rack/logger.rb:24:in `block in call'
activesupport (5.0.3) lib/active_support/tagged_logging.rb:69:in `block in tagged'
activesupport (5.0.3) lib/active_support/tagged_logging.rb:26:in `tagged'
activesupport (5.0.3) lib/active_support/tagged_logging.rb:69:in `tagged'
railties (5.0.3) lib/rails/rack/logger.rb:24:in `call'
sprockets-rails (3.2.0) lib/sprockets/rails/quiet_assets.rb:13:in `call'
actionpack (5.0.3) lib/action_dispatch/middleware/request_id.rb:24:in `call'
rack (2.0.3) lib/rack/method_override.rb:22:in `call'
rack (2.0.3) lib/rack/runtime.rb:22:in `call'
activesupport (5.0.3) lib/active_support/cache/strategy/local_cache_middleware.rb:28:in `call'
actionpack (5.0.3) lib/action_dispatch/middleware/executor.rb:12:in `call'
actionpack (5.0.3) lib/action_dispatch/middleware/static.rb:136:in `call'
rack (2.0.3) lib/rack/sendfile.rb:111:in `call'
railties (5.0.3) lib/rails/engine.rb:522:in `call'
puma (3.9.1) lib/puma/configuration.rb:224:in `call'
puma (3.9.1) lib/puma/server.rb:602:in `handle_request'
puma (3.9.1) lib/puma/server.rb:435:in `process_client'
puma (3.9.1) lib/puma/server.rb:299:in `block in run'
puma (3.9.1) lib/puma/thread_pool.rb:120:in `block in spawn_thread'
  Rendering /usr/local/lib/ruby/gems/2.4.0/gems/actionpack-5.0.3/lib/action_dispatch/middleware/templates/rescues/routing_error.html.erb within rescues/layout
  Rendering /usr/local/lib/ruby/gems/2.4.0/gems/actionpack-5.0.3/lib/action_dispatch/middleware/templates/rescues/_trace.html.erb
  Rendered /usr/local/lib/ruby/gems/2.4.0/gems/actionpack-5.0.3/lib/action_dispatch/middleware/templates/rescues/_trace.html.erb (1.1ms)
  Rendered collection of /usr/local/lib/ruby/gems/2.4.0/gems/actionpack-5.0.3/lib/action_dispatch/middleware/templates/routes/_route.html.erb [19 times] (6.5ms)
  Rendered /usr/local/lib/ruby/gems/2.4.0/gems/actionpack-5.0.3/lib/action_dispatch/middleware/templates/routes/_table.html.erb (1.3ms)
  Rendering /usr/local/lib/ruby/gems/2.4.0/gems/actionpack-5.0.3/lib/action_dispatch/middleware/templates/rescues/_request_and_response.html.erb
  Rendered /usr/local/lib/ruby/gems/2.4.0/gems/actionpack-5.0.3/lib/action_dispatch/middleware/templates/rescues/_request_and_response.html.erb (1.5ms)
  Rendered /usr/local/lib/ruby/gems/2.4.0/gems/actionpack-5.0.3/lib/action_dispatch/middleware/templates/rescues/routing_error.html.erb within rescues/layout (83.8ms)
Started GET "/blog" for 127.0.0.1 at 2017-06-27 14:58:39 -0700
  
ActionController::RoutingError (No route matches [GET] "/blog"):
  
actionpack (5.0.3) lib/action_dispatch/middleware/debug_exceptions.rb:53:in `call'
web-console (3.5.1) lib/web_console/middleware.rb:135:in `call_app'
web-console (3.5.1) lib/web_console/middleware.rb:28:in `block in call'
web-console (3.5.1) lib/web_console/middleware.rb:18:in `catch'
web-console (3.5.1) lib/web_console/middleware.rb:18:in `call'
actionpack (5.0.3) lib/action_dispatch/middleware/show_exceptions.rb:31:in `call'
railties (5.0.3) lib/rails/rack/logger.rb:36:in `call_app'
railties (5.0.3) lib/rails/rack/logger.rb:24:in `block in call'
activesupport (5.0.3) lib/active_support/tagged_logging.rb:69:in `block in tagged'
activesupport (5.0.3) lib/active_support/tagged_logging.rb:26:in `tagged'
activesupport (5.0.3) lib/active_support/tagged_logging.rb:69:in `tagged'
railties (5.0.3) lib/rails/rack/logger.rb:24:in `call'
sprockets-rails (3.2.0) lib/sprockets/rails/quiet_assets.rb:13:in `call'
actionpack (5.0.3) lib/action_dispatch/middleware/request_id.rb:24:in `call'
rack (2.0.3) lib/rack/method_override.rb:22:in `call'
rack (2.0.3) lib/rack/runtime.rb:22:in `call'
activesupport (5.0.3) lib/active_support/cache/strategy/local_cache_middleware.rb:28:in `call'
actionpack (5.0.3) lib/action_dispatch/middleware/executor.rb:12:in `call'
actionpack (5.0.3) lib/action_dispatch/middleware/static.rb:136:in `call'
rack (2.0.3) lib/rack/sendfile.rb:111:in `call'
railties (5.0.3) lib/rails/engine.rb:522:in `call'
puma (3.9.1) lib/puma/configuration.rb:224:in `call'
puma (3.9.1) lib/puma/server.rb:602:in `handle_request'
puma (3.9.1) lib/puma/server.rb:435:in `process_client'
puma (3.9.1) lib/puma/server.rb:299:in `block in run'
puma (3.9.1) lib/puma/thread_pool.rb:120:in `block in spawn_thread'
  Rendering /usr/local/lib/ruby/gems/2.4.0/gems/actionpack-5.0.3/lib/action_dispatch/middleware/templates/rescues/routing_error.html.erb within rescues/layout
  Rendering /usr/local/lib/ruby/gems/2.4.0/gems/actionpack-5.0.3/lib/action_dispatch/middleware/templates/rescues/_trace.html.erb
  Rendered /usr/local/lib/ruby/gems/2.4.0/gems/actionpack-5.0.3/lib/action_dispatch/middleware/templates/rescues/_trace.html.erb (1.2ms)
  Rendered collection of /usr/local/lib/ruby/gems/2.4.0/gems/actionpack-5.0.3/lib/action_dispatch/middleware/templates/routes/_route.html.erb [19 times] (4.7ms)
  Rendered /usr/local/lib/ruby/gems/2.4.0/gems/actionpack-5.0.3/lib/action_dispatch/middleware/templates/routes/_table.html.erb (1.3ms)
  Rendering /usr/local/lib/ruby/gems/2.4.0/gems/actionpack-5.0.3/lib/action_dispatch/middleware/templates/rescues/_request_and_response.html.erb
  Rendered /usr/local/lib/ruby/gems/2.4.0/gems/actionpack-5.0.3/lib/action_dispatch/middleware/templates/rescues/_request_and_response.html.erb (2.5ms)
  Rendered /usr/local/lib/ruby/gems/2.4.0/gems/actionpack-5.0.3/lib/action_dispatch/middleware/templates/rescues/routing_error.html.erb within rescues/layout (83.5ms)
Started GET "/pages/home" for 127.0.0.1 at 2017-06-27 14:59:09 -0700
Processing by PagesController#home as HTML
  Rendering pages/home.html.erb within layouts/application
  Rendered pages/home.html.erb within layouts/application (0.5ms)
Completed 200 OK in 357ms (Views: 346.5ms | ActiveRecord: 0.0ms)


  [1m[36mActiveRecord::SchemaMigration Load (0.5ms)[0m  [1m[34mSELECT "schema_migrations".* FROM "schema_migrations"[0m
  [1m[35m (0.3ms)[0m  [1m[34mSELECT "ar_internal_metadata"."value" FROM "ar_internal_metadata" WHERE "ar_internal_metadata"."key" = $1[0m  [["key", "environment"]]
  [1m[36mActiveRecord::SchemaMigration Load (0.1ms)[0m  [1m[34mSELECT "schema_migrations".* FROM "schema_migrations"[0m
  [1m[35m (0.1ms)[0m  [1m[34mSELECT "ar_internal_metadata"."value" FROM "ar_internal_metadata" WHERE "ar_internal_metadata"."key" = $1[0m  [["key", "environment"]]
  [1m[36mActiveRecord::SchemaMigration Load (0.1ms)[0m  [1m[34mSELECT "schema_migrations".* FROM "schema_migrations"[0m
  [1m[35m (0.1ms)[0m  [1m[34mSELECT "ar_internal_metadata"."value" FROM "ar_internal_metadata" WHERE "ar_internal_metadata"."key" = $1[0m  [["key", "environment"]]
  [1m[35mSQL (1.7ms)[0m  [1m[35mCREATE EXTENSION IF NOT EXISTS "plpgsql"[0m
  [1m[35m (19.6ms)[0m  [1m[35mDROP TABLE "blogs" CASCADE[0m
  [1m[35m (9.4ms)[0m  [1m[35mCREATE TABLE "blogs" ("id" serial primary key, "title" character varying, "body" text, "created_at" timestamp NOT NULL, "updated_at" timestamp NOT NULL)[0m
  [1m[35m (2.6ms)[0m  [1m[35mDROP TABLE "portfolios" CASCADE[0m
  [1m[35m (4.3ms)[0m  [1m[35mCREATE TABLE "portfolios" ("id" serial primary key, "title" character varying, "subtitle" character varying, "body" text, "main_image" text, "thumb_image" text, "created_at" timestamp NOT NULL, "updated_at" timestamp NOT NULL)[0m
  [1m[35m (2.5ms)[0m  [1m[35mDROP TABLE "skills" CASCADE[0m
  [1m[35m (4.4ms)[0m  [1m[35mCREATE TABLE "skills" ("id" serial primary key, "title" character varying, "percent_utilized" integer, "created_at" timestamp NOT NULL, "updated_at" timestamp NOT NULL)[0m
  [1m[35m (0.2ms)[0m  [1m[34mSELECT version FROM "schema_migrations"[0m
  [1m[36mActiveRecord::InternalMetadata Load (0.2ms)[0m  [1m[34mSELECT  "ar_internal_metadata".* FROM "ar_internal_metadata" WHERE "ar_internal_metadata"."key" = $1 LIMIT $2[0m  [["key", "environment"], ["LIMIT", 1]]
  [1m[35m (0.2ms)[0m  [1m[35mBEGIN[0m
  [1m[35m (0.1ms)[0m  [1m[35mCOMMIT[0m
  [1m[36mActiveRecord::InternalMetadata Load (0.1ms)[0m  [1m[34mSELECT  "ar_internal_metadata".* FROM "ar_internal_metadata" WHERE "ar_internal_metadata"."key" = $1 LIMIT $2[0m  [["key", "environment"], ["LIMIT", 1]]
  [1m[35m (0.1ms)[0m  [1m[35mBEGIN[0m
  [1m[35m (0.1ms)[0m  [1m[35mCOMMIT[0m
  [1m[35mSQL (2.4ms)[0m  [1m[35mCREATE EXTENSION IF NOT EXISTS "plpgsql"[0m
  [1m[35m (17.2ms)[0m  [1m[35mCREATE TABLE "blogs" ("id" serial primary key, "title" character varying, "body" text, "created_at" timestamp NOT NULL, "updated_at" timestamp NOT NULL)[0m
  [1m[35m (3.3ms)[0m  [1m[35mCREATE TABLE "portfolios" ("id" serial primary key, "title" character varying, "subtitle" character varying, "body" text, "main_image" text, "thumb_image" text, "created_at" timestamp NOT NULL, "updated_at" timestamp NOT NULL)[0m
  [1m[35m (3.6ms)[0m  [1m[35mCREATE TABLE "skills" ("id" serial primary key, "title" character varying, "percent_utilized" integer, "created_at" timestamp NOT NULL, "updated_at" timestamp NOT NULL)[0m
  [1m[35m (2.4ms)[0m  [1m[35mCREATE TABLE "schema_migrations" ("version" character varying PRIMARY KEY)[0m
  [1m[35m (0.4ms)[0m  [1m[34mSELECT version FROM "schema_migrations"[0m
  [1m[35m (1.1ms)[0m  [1m[32mINSERT INTO "schema_migrations" (version) VALUES (20170627211754)[0m
  [1m[35m (0.3ms)[0m  [1m[32mINSERT INTO "schema_migrations" (version) VALUES
(20170616043926),
(20170617022053);

[0m
  [1m[35m (2.0ms)[0m  [1m[35mCREATE TABLE "ar_internal_metadata" ("key" character varying PRIMARY KEY, "value" character varying, "created_at" timestamp NOT NULL, "updated_at" timestamp NOT NULL)[0m
  [1m[36mActiveRecord::InternalMetadata Load (0.5ms)[0m  [1m[34mSELECT  "ar_internal_metadata".* FROM "ar_internal_metadata" WHERE "ar_internal_metadata"."key" = $1 LIMIT $2[0m  [["key", "environment"], ["LIMIT", 1]]
  [1m[35m (0.1ms)[0m  [1m[35mBEGIN[0m
  [1m[35mSQL (0.7ms)[0m  [1m[32mINSERT INTO "ar_internal_metadata" ("key", "value", "created_at", "updated_at") VALUES ($1, $2, $3, $4) RETURNING "key"[0m  [["key", "environment"], ["value", "development"], ["created_at", "2017-06-28 19:11:53.370451"], ["updated_at", "2017-06-28 19:11:53.370451"]]
  [1m[35m (0.3ms)[0m  [1m[35mCOMMIT[0m
  [1m[36mActiveRecord::InternalMetadata Load (0.2ms)[0m  [1m[34mSELECT  "ar_internal_metadata".* FROM "ar_internal_metadata" WHERE "ar_internal_metadata"."key" = $1 LIMIT $2[0m  [["key", "environment"], ["LIMIT", 1]]
  [1m[35m (0.1ms)[0m  [1m[35mBEGIN[0m
  [1m[35m (0.1ms)[0m  [1m[35mCOMMIT[0m
  [1m[36mActiveRecord::SchemaMigration Load (0.3ms)[0m  [1m[34mSELECT "schema_migrations".* FROM "schema_migrations"[0m
  [1m[35m (0.1ms)[0m  [1m[35mBEGIN[0m
  [1m[35mSQL (0.7ms)[0m  [1m[32mINSERT INTO "blogs" ("title", "body", "created_at", "updated_at") VALUES ($1, $2, $3, $4) RETURNING "id"[0m  [["title", "Blog entry 0"], ["body", " Seska: I won't play these games with the trick of light.  The Doctor: Sticks and stones won't break my bones, so you can imagine how I feel about being called names.\n Tom Paris: Well, Harry and I wanted to explore the station. We wanted to broaden our understanding of alien cultures and...  Captain Janeway: Skip the recruiting speech, you were looking for a bar.\n The Doctor: Seven of Nine, how's my favorite Borg today?  Seven of Nine: Annoyed.\n Lieutenant Worf: Nepo!  Capt. Picard: This is mutiny!\n [In reference to the Qomar]  Tuvok: They are interfering with normal ship business.  Captain Janeway: Since when has business on this ship ever been normal?\n"], ["created_at", "2017-06-28 19:11:53.412477"], ["updated_at", "2017-06-28 19:11:53.412477"]]
  [1m[35m (0.3ms)[0m  [1m[35mCOMMIT[0m
  [1m[35m (0.1ms)[0m  [1m[35mBEGIN[0m
  [1m[35mSQL (0.2ms)[0m  [1m[32mINSERT INTO "blogs" ("title", "body", "created_at", "updated_at") VALUES ($1, $2, $3, $4) RETURNING "id"[0m  [["title", "Blog entry 1"], ["body", " Seska: I won't play these games with the trick of light.  The Doctor: Sticks and stones won't break my bones, so you can imagine how I feel about being called names.\n Tom Paris: Well, Harry and I wanted to explore the station. We wanted to broaden our understanding of alien cultures and...  Captain Janeway: Skip the recruiting speech, you were looking for a bar.\n The Doctor: Seven of Nine, how's my favorite Borg today?  Seven of Nine: Annoyed.\n Lieutenant Worf: Nepo!  Capt. Picard: This is mutiny!\n [In reference to the Qomar]  Tuvok: They are interfering with normal ship business.  Captain Janeway: Since when has business on this ship ever been normal?\n"], ["created_at", "2017-06-28 19:11:53.415407"], ["updated_at", "2017-06-28 19:11:53.415407"]]
  [1m[35m (0.2ms)[0m  [1m[35mCOMMIT[0m
  [1m[35m (0.1ms)[0m  [1m[35mBEGIN[0m
  [1m[35mSQL (0.2ms)[0m  [1m[32mINSERT INTO "blogs" ("title", "body", "created_at", "updated_at") VALUES ($1, $2, $3, $4) RETURNING "id"[0m  [["title", "Blog entry 2"], ["body", " Seska: I won't play these games with the trick of light.  The Doctor: Sticks and stones won't break my bones, so you can imagine how I feel about being called names.\n Tom Paris: Well, Harry and I wanted to explore the station. We wanted to broaden our understanding of alien cultures and...  Captain Janeway: Skip the recruiting speech, you were looking for a bar.\n The Doctor: Seven of Nine, how's my favorite Borg today?  Seven of Nine: Annoyed.\n Lieutenant Worf: Nepo!  Capt. Picard: This is mutiny!\n [In reference to the Qomar]  Tuvok: They are interfering with normal ship business.  Captain Janeway: Since when has business on this ship ever been normal?\n"], ["created_at", "2017-06-28 19:11:53.417944"], ["updated_at", "2017-06-28 19:11:53.417944"]]
  [1m[35m (0.2ms)[0m  [1m[35mCOMMIT[0m
  [1m[35m (0.1ms)[0m  [1m[35mBEGIN[0m
  [1m[35mSQL (0.2ms)[0m  [1m[32mINSERT INTO "blogs" ("title", "body", "created_at", "updated_at") VALUES ($1, $2, $3, $4) RETURNING "id"[0m  [["title", "Blog entry 3"], ["body", " Seska: I won't play these games with the trick of light.  The Doctor: Sticks and stones won't break my bones, so you can imagine how I feel about being called names.\n Tom Paris: Well, Harry and I wanted to explore the station. We wanted to broaden our understanding of alien cultures and...  Captain Janeway: Skip the recruiting speech, you were looking for a bar.\n The Doctor: Seven of Nine, how's my favorite Borg today?  Seven of Nine: Annoyed.\n Lieutenant Worf: Nepo!  Capt. Picard: This is mutiny!\n [In reference to the Qomar]  Tuvok: They are interfering with normal ship business.  Captain Janeway: Since when has business on this ship ever been normal?\n"], ["created_at", "2017-06-28 19:11:53.419930"], ["updated_at", "2017-06-28 19:11:53.419930"]]
  [1m[35m (0.2ms)[0m  [1m[35mCOMMIT[0m
  [1m[35m (0.1ms)[0m  [1m[35mBEGIN[0m
  [1m[35mSQL (0.2ms)[0m  [1m[32mINSERT INTO "blogs" ("title", "body", "created_at", "updated_at") VALUES ($1, $2, $3, $4) RETURNING "id"[0m  [["title", "Blog entry 4"], ["body", " Seska: I won't play these games with the trick of light.  The Doctor: Sticks and stones won't break my bones, so you can imagine how I feel about being called names.\n Tom Paris: Well, Harry and I wanted to explore the station. We wanted to broaden our understanding of alien cultures and...  Captain Janeway: Skip the recruiting speech, you were looking for a bar.\n The Doctor: Seven of Nine, how's my favorite Borg today?  Seven of Nine: Annoyed.\n Lieutenant Worf: Nepo!  Capt. Picard: This is mutiny!\n [In reference to the Qomar]  Tuvok: They are interfering with normal ship business.  Captain Janeway: Since when has business on this ship ever been normal?\n"], ["created_at", "2017-06-28 19:11:53.421950"], ["updated_at", "2017-06-28 19:11:53.421950"]]
  [1m[35m (0.2ms)[0m  [1m[35mCOMMIT[0m
  [1m[35m (0.1ms)[0m  [1m[35mBEGIN[0m
  [1m[35mSQL (0.2ms)[0m  [1m[32mINSERT INTO "blogs" ("title", "body", "created_at", "updated_at") VALUES ($1, $2, $3, $4) RETURNING "id"[0m  [["title", "Blog entry 5"], ["body", " Seska: I won't play these games with the trick of light.  The Doctor: Sticks and stones won't break my bones, so you can imagine how I feel about being called names.\n Tom Paris: Well, Harry and I wanted to explore the station. We wanted to broaden our understanding of alien cultures and...  Captain Janeway: Skip the recruiting speech, you were looking for a bar.\n The Doctor: Seven of Nine, how's my favorite Borg today?  Seven of Nine: Annoyed.\n Lieutenant Worf: Nepo!  Capt. Picard: This is mutiny!\n [In reference to the Qomar]  Tuvok: They are interfering with normal ship business.  Captain Janeway: Since when has business on this ship ever been normal?\n"], ["created_at", "2017-06-28 19:11:53.423776"], ["updated_at", "2017-06-28 19:11:53.423776"]]
  [1m[35m (0.2ms)[0m  [1m[35mCOMMIT[0m
  [1m[35m (0.1ms)[0m  [1m[35mBEGIN[0m
  [1m[35mSQL (0.2ms)[0m  [1m[32mINSERT INTO "blogs" ("title", "body", "created_at", "updated_at") VALUES ($1, $2, $3, $4) RETURNING "id"[0m  [["title", "Blog entry 6"], ["body", " Seska: I won't play these games with the trick of light.  The Doctor: Sticks and stones won't break my bones, so you can imagine how I feel about being called names.\n Tom Paris: Well, Harry and I wanted to explore the station. We wanted to broaden our understanding of alien cultures and...  Captain Janeway: Skip the recruiting speech, you were looking for a bar.\n The Doctor: Seven of Nine, how's my favorite Borg today?  Seven of Nine: Annoyed.\n Lieutenant Worf: Nepo!  Capt. Picard: This is mutiny!\n [In reference to the Qomar]  Tuvok: They are interfering with normal ship business.  Captain Janeway: Since when has business on this ship ever been normal?\n"], ["created_at", "2017-06-28 19:11:53.425454"], ["updated_at", "2017-06-28 19:11:53.425454"]]
  [1m[35m (0.2ms)[0m  [1m[35mCOMMIT[0m
  [1m[35m (0.1ms)[0m  [1m[35mBEGIN[0m
  [1m[35mSQL (0.2ms)[0m  [1m[32mINSERT INTO "blogs" ("title", "body", "created_at", "updated_at") VALUES ($1, $2, $3, $4) RETURNING "id"[0m  [["title", "Blog entry 7"], ["body", " Seska: I won't play these games with the trick of light.  The Doctor: Sticks and stones won't break my bones, so you can imagine how I feel about being called names.\n Tom Paris: Well, Harry and I wanted to explore the station. We wanted to broaden our understanding of alien cultures and...  Captain Janeway: Skip the recruiting speech, you were looking for a bar.\n The Doctor: Seven of Nine, how's my favorite Borg today?  Seven of Nine: Annoyed.\n Lieutenant Worf: Nepo!  Capt. Picard: This is mutiny!\n [In reference to the Qomar]  Tuvok: They are interfering with normal ship business.  Captain Janeway: Since when has business on this ship ever been normal?\n"], ["created_at", "2017-06-28 19:11:53.427277"], ["updated_at", "2017-06-28 19:11:53.427277"]]
  [1m[35m (0.2ms)[0m  [1m[35mCOMMIT[0m
  [1m[35m (0.1ms)[0m  [1m[35mBEGIN[0m
  [1m[35mSQL (0.2ms)[0m  [1m[32mINSERT INTO "blogs" ("title", "body", "created_at", "updated_at") VALUES ($1, $2, $3, $4) RETURNING "id"[0m  [["title", "Blog entry 8"], ["body", " Seska: I won't play these games with the trick of light.  The Doctor: Sticks and stones won't break my bones, so you can imagine how I feel about being called names.\n Tom Paris: Well, Harry and I wanted to explore the station. We wanted to broaden our understanding of alien cultures and...  Captain Janeway: Skip the recruiting speech, you were looking for a bar.\n The Doctor: Seven of Nine, how's my favorite Borg today?  Seven of Nine: Annoyed.\n Lieutenant Worf: Nepo!  Capt. Picard: This is mutiny!\n [In reference to the Qomar]  Tuvok: They are interfering with normal ship business.  Captain Janeway: Since when has business on this ship ever been normal?\n"], ["created_at", "2017-06-28 19:11:53.429429"], ["updated_at", "2017-06-28 19:11:53.429429"]]
  [1m[35m (0.3ms)[0m  [1m[35mCOMMIT[0m
  [1m[35m (0.1ms)[0m  [1m[35mBEGIN[0m
  [1m[35mSQL (0.2ms)[0m  [1m[32mINSERT INTO "blogs" ("title", "body", "created_at", "updated_at") VALUES ($1, $2, $3, $4) RETURNING "id"[0m  [["title", "Blog entry 9"], ["body", " Seska: I won't play these games with the trick of light.  The Doctor: Sticks and stones won't break my bones, so you can imagine how I feel about being called names.\n Tom Paris: Well, Harry and I wanted to explore the station. We wanted to broaden our understanding of alien cultures and...  Captain Janeway: Skip the recruiting speech, you were looking for a bar.\n The Doctor: Seven of Nine, how's my favorite Borg today?  Seven of Nine: Annoyed.\n Lieutenant Worf: Nepo!  Capt. Picard: This is mutiny!\n [In reference to the Qomar]  Tuvok: They are interfering with normal ship business.  Captain Janeway: Since when has business on this ship ever been normal?\n"], ["created_at", "2017-06-28 19:11:53.431426"], ["updated_at", "2017-06-28 19:11:53.431426"]]
  [1m[35m (0.2ms)[0m  [1m[35mCOMMIT[0m
  [1m[35m (0.1ms)[0m  [1m[35mBEGIN[0m
  [1m[35mSQL (0.3ms)[0m  [1m[32mINSERT INTO "skills" ("title", "percent_utilized", "created_at", "updated_at") VALUES ($1, $2, $3, $4) RETURNING "id"[0m  [["title", "Rails 0"], ["percent_utilized", 60], ["created_at", "2017-06-28 19:11:53.445329"], ["updated_at", "2017-06-28 19:11:53.445329"]]
  [1m[35m (0.2ms)[0m  [1m[35mCOMMIT[0m
  [1m[35m (0.1ms)[0m  [1m[35mBEGIN[0m
  [1m[35mSQL (0.2ms)[0m  [1m[32mINSERT INTO "skills" ("title", "percent_utilized", "created_at", "updated_at") VALUES ($1, $2, $3, $4) RETURNING "id"[0m  [["title", "Rails 1"], ["percent_utilized", 37], ["created_at", "2017-06-28 19:11:53.447279"], ["updated_at", "2017-06-28 19:11:53.447279"]]
  [1m[35m (0.2ms)[0m  [1m[35mCOMMIT[0m
  [1m[35m (0.1ms)[0m  [1m[35mBEGIN[0m
  [1m[35mSQL (0.2ms)[0m  [1m[32mINSERT INTO "skills" ("title", "percent_utilized", "created_at", "updated_at") VALUES ($1, $2, $3, $4) RETURNING "id"[0m  [["title", "Rails 2"], ["percent_utilized", 30], ["created_at", "2017-06-28 19:11:53.449048"], ["updated_at", "2017-06-28 19:11:53.449048"]]
  [1m[35m (0.2ms)[0m  [1m[35mCOMMIT[0m
  [1m[35m (0.1ms)[0m  [1m[35mBEGIN[0m
  [1m[35mSQL (0.2ms)[0m  [1m[32mINSERT INTO "skills" ("title", "percent_utilized", "created_at", "updated_at") VALUES ($1, $2, $3, $4) RETURNING "id"[0m  [["title", "Rails 3"], ["percent_utilized", 28], ["created_at", "2017-06-28 19:11:53.450851"], ["updated_at", "2017-06-28 19:11:53.450851"]]
  [1m[35m (0.2ms)[0m  [1m[35mCOMMIT[0m
  [1m[35m (0.1ms)[0m  [1m[35mBEGIN[0m
  [1m[35mSQL (0.3ms)[0m  [1m[32mINSERT INTO "skills" ("title", "percent_utilized", "created_at", "updated_at") VALUES ($1, $2, $3, $4) RETURNING "id"[0m  [["title", "Rails 4"], ["percent_utilized", 28], ["created_at", "2017-06-28 19:11:53.453016"], ["updated_at", "2017-06-28 19:11:53.453016"]]
  [1m[35m (0.2ms)[0m  [1m[35mCOMMIT[0m
  [1m[36mActiveRecord::SchemaMigration Load (0.4ms)[0m  [1m[34mSELECT "schema_migrations".* FROM "schema_migrations"[0m
  [1m[35m (0.3ms)[0m  [1m[34mSELECT "ar_internal_metadata"."value" FROM "ar_internal_metadata" WHERE "ar_internal_metadata"."key" = $1[0m  [["key", "environment"]]
  [1m[36mActiveRecord::SchemaMigration Load (0.2ms)[0m  [1m[34mSELECT "schema_migrations".* FROM "schema_migrations"[0m
  [1m[35m (0.2ms)[0m  [1m[34mSELECT "ar_internal_metadata"."value" FROM "ar_internal_metadata" WHERE "ar_internal_metadata"."key" = $1[0m  [["key", "environment"]]
  [1m[36mActiveRecord::SchemaMigration Load (0.2ms)[0m  [1m[34mSELECT "schema_migrations".* FROM "schema_migrations"[0m
  [1m[35m (0.1ms)[0m  [1m[34mSELECT "ar_internal_metadata"."value" FROM "ar_internal_metadata" WHERE "ar_internal_metadata"."key" = $1[0m  [["key", "environment"]]
  [1m[35mSQL (0.2ms)[0m  [1m[35mCREATE EXTENSION IF NOT EXISTS "plpgsql"[0m
  [1m[35m (2.4ms)[0m  [1m[35mDROP TABLE "blogs" CASCADE[0m
  [1m[35m (3.6ms)[0m  [1m[35mCREATE TABLE "blogs" ("id" serial primary key, "title" character varying, "body" text, "created_at" timestamp NOT NULL, "updated_at" timestamp NOT NULL)[0m
  [1m[35m (1.7ms)[0m  [1m[35mDROP TABLE "portfolios" CASCADE[0m
  [1m[35m (4.3ms)[0m  [1m[35mCREATE TABLE "portfolios" ("id" serial primary key, "title" character varying, "subtitle" character varying, "body" text, "main_image" text, "thumb_image" text, "created_at" timestamp NOT NULL, "updated_at" timestamp NOT NULL)[0m
  [1m[35m (1.0ms)[0m  [1m[35mDROP TABLE "skills" CASCADE[0m
  [1m[35m (2.8ms)[0m  [1m[35mCREATE TABLE "skills" ("id" serial primary key, "title" character varying, "percent_utilized" integer, "created_at" timestamp NOT NULL, "updated_at" timestamp NOT NULL)[0m
  [1m[35m (0.3ms)[0m  [1m[34mSELECT version FROM "schema_migrations"[0m
  [1m[36mActiveRecord::InternalMetadata Load (0.5ms)[0m  [1m[34mSELECT  "ar_internal_metadata".* FROM "ar_internal_metadata" WHERE "ar_internal_metadata"."key" = $1 LIMIT $2[0m  [["key", "environment"], ["LIMIT", 1]]
  [1m[35m (0.1ms)[0m  [1m[35mBEGIN[0m
  [1m[35m (0.1ms)[0m  [1m[35mCOMMIT[0m
  [1m[36mActiveRecord::InternalMetadata Load (0.2ms)[0m  [1m[34mSELECT  "ar_internal_metadata".* FROM "ar_internal_metadata" WHERE "ar_internal_metadata"."key" = $1 LIMIT $2[0m  [["key", "environment"], ["LIMIT", 1]]
  [1m[35m (0.1ms)[0m  [1m[35mBEGIN[0m
  [1m[35m (0.1ms)[0m  [1m[35mCOMMIT[0m
  [1m[35mSQL (0.2ms)[0m  [1m[35mCREATE EXTENSION IF NOT EXISTS "plpgsql"[0m
  [1m[35m (5.2ms)[0m  [1m[35mDROP TABLE "blogs" CASCADE[0m
  [1m[35m (5.2ms)[0m  [1m[35mCREATE TABLE "blogs" ("id" serial primary key, "title" character varying, "body" text, "created_at" timestamp NOT NULL, "updated_at" timestamp NOT NULL)[0m
  [1m[35m (1.3ms)[0m  [1m[35mDROP TABLE "portfolios" CASCADE[0m
  [1m[35m (3.0ms)[0m  [1m[35mCREATE TABLE "portfolios" ("id" serial primary key, "title" character varying, "subtitle" character varying, "body" text, "main_image" text, "thumb_image" text, "created_at" timestamp NOT NULL, "updated_at" timestamp NOT NULL)[0m
  [1m[35m (1.0ms)[0m  [1m[35mDROP TABLE "skills" CASCADE[0m
  [1m[35m (2.8ms)[0m  [1m[35mCREATE TABLE "skills" ("id" serial primary key, "title" character varying, "percent_utilized" integer, "created_at" timestamp NOT NULL, "updated_at" timestamp NOT NULL)[0m
  [1m[35m (0.4ms)[0m  [1m[34mSELECT version FROM "schema_migrations"[0m
  [1m[36mActiveRecord::InternalMetadata Load (0.5ms)[0m  [1m[34mSELECT  "ar_internal_metadata".* FROM "ar_internal_metadata" WHERE "ar_internal_metadata"."key" = $1 LIMIT $2[0m  [["key", "environment"], ["LIMIT", 1]]
  [1m[35m (0.2ms)[0m  [1m[35mBEGIN[0m
  [1m[35m (0.1ms)[0m  [1m[35mCOMMIT[0m
  [1m[36mActiveRecord::InternalMetadata Load (0.1ms)[0m  [1m[34mSELECT  "ar_internal_metadata".* FROM "ar_internal_metadata" WHERE "ar_internal_metadata"."key" = $1 LIMIT $2[0m  [["key", "environment"], ["LIMIT", 1]]
  [1m[35m (0.1ms)[0m  [1m[35mBEGIN[0m
  [1m[35m (0.1ms)[0m  [1m[35mCOMMIT[0m
  [1m[36mActiveRecord::SchemaMigration Load (0.3ms)[0m  [1m[34mSELECT "schema_migrations".* FROM "schema_migrations"[0m
  [1m[35m (0.1ms)[0m  [1m[35mBEGIN[0m
  [1m[35mSQL (0.6ms)[0m  [1m[32mINSERT INTO "blogs" ("title", "body", "created_at", "updated_at") VALUES ($1, $2, $3, $4) RETURNING "id"[0m  [["title", "Blog entry 0"], ["body", " Seska: I won't play these games with the trick of light.  The Doctor: Sticks and stones won't break my bones, so you can imagine how I feel about being called names.\n Tom Paris: Well, Harry and I wanted to explore the station. We wanted to broaden our understanding of alien cultures and...  Captain Janeway: Skip the recruiting speech, you were looking for a bar.\n The Doctor: Seven of Nine, how's my favorite Borg today?  Seven of Nine: Annoyed.\n Lieutenant Worf: Nepo!  Capt. Picard: This is mutiny!\n [In reference to the Qomar]  Tuvok: They are interfering with normal ship business.  Captain Janeway: Since when has business on this ship ever been normal?\n"], ["created_at", "2017-06-28 19:14:55.225532"], ["updated_at", "2017-06-28 19:14:55.225532"]]
  [1m[35m (0.3ms)[0m  [1m[35mCOMMIT[0m
  [1m[35m (0.1ms)[0m  [1m[35mBEGIN[0m
  [1m[35mSQL (0.2ms)[0m  [1m[32mINSERT INTO "blogs" ("title", "body", "created_at", "updated_at") VALUES ($1, $2, $3, $4) RETURNING "id"[0m  [["title", "Blog entry 1"], ["body", " Seska: I won't play these games with the trick of light.  The Doctor: Sticks and stones won't break my bones, so you can imagine how I feel about being called names.\n Tom Paris: Well, Harry and I wanted to explore the station. We wanted to broaden our understanding of alien cultures and...  Captain Janeway: Skip the recruiting speech, you were looking for a bar.\n The Doctor: Seven of Nine, how's my favorite Borg today?  Seven of Nine: Annoyed.\n Lieutenant Worf: Nepo!  Capt. Picard: This is mutiny!\n [In reference to the Qomar]  Tuvok: They are interfering with normal ship business.  Captain Janeway: Since when has business on this ship ever been normal?\n"], ["created_at", "2017-06-28 19:14:55.228072"], ["updated_at", "2017-06-28 19:14:55.228072"]]
  [1m[35m (0.2ms)[0m  [1m[35mCOMMIT[0m
  [1m[35m (0.1ms)[0m  [1m[35mBEGIN[0m
  [1m[35mSQL (0.3ms)[0m  [1m[32mINSERT INTO "blogs" ("title", "body", "created_at", "updated_at") VALUES ($1, $2, $3, $4) RETURNING "id"[0m  [["title", "Blog entry 2"], ["body", " Seska: I won't play these games with the trick of light.  The Doctor: Sticks and stones won't break my bones, so you can imagine how I feel about being called names.\n Tom Paris: Well, Harry and I wanted to explore the station. We wanted to broaden our understanding of alien cultures and...  Captain Janeway: Skip the recruiting speech, you were looking for a bar.\n The Doctor: Seven of Nine, how's my favorite Borg today?  Seven of Nine: Annoyed.\n Lieutenant Worf: Nepo!  Capt. Picard: This is mutiny!\n [In reference to the Qomar]  Tuvok: They are interfering with normal ship business.  Captain Janeway: Since when has business on this ship ever been normal?\n"], ["created_at", "2017-06-28 19:14:55.229693"], ["updated_at", "2017-06-28 19:14:55.229693"]]
  [1m[35m (0.3ms)[0m  [1m[35mCOMMIT[0m
  [1m[35m (0.1ms)[0m  [1m[35mBEGIN[0m
  [1m[35mSQL (0.3ms)[0m  [1m[32mINSERT INTO "blogs" ("title", "body", "created_at", "updated_at") VALUES ($1, $2, $3, $4) RETURNING "id"[0m  [["title", "Blog entry 3"], ["body", " Seska: I won't play these games with the trick of light.  The Doctor: Sticks and stones won't break my bones, so you can imagine how I feel about being called names.\n Tom Paris: Well, Harry and I wanted to explore the station. We wanted to broaden our understanding of alien cultures and...  Captain Janeway: Skip the recruiting speech, you were looking for a bar.\n The Doctor: Seven of Nine, how's my favorite Borg today?  Seven of Nine: Annoyed.\n Lieutenant Worf: Nepo!  Capt. Picard: This is mutiny!\n [In reference to the Qomar]  Tuvok: They are interfering with normal ship business.  Captain Janeway: Since when has business on this ship ever been normal?\n"], ["created_at", "2017-06-28 19:14:55.231813"], ["updated_at", "2017-06-28 19:14:55.231813"]]
  [1m[35m (0.3ms)[0m  [1m[35mCOMMIT[0m
  [1m[35m (0.1ms)[0m  [1m[35mBEGIN[0m
  [1m[35mSQL (0.2ms)[0m  [1m[32mINSERT INTO "blogs" ("title", "body", "created_at", "updated_at") VALUES ($1, $2, $3, $4) RETURNING "id"[0m  [["title", "Blog entry 4"], ["body", " Seska: I won't play these games with the trick of light.  The Doctor: Sticks and stones won't break my bones, so you can imagine how I feel about being called names.\n Tom Paris: Well, Harry and I wanted to explore the station. We wanted to broaden our understanding of alien cultures and...  Captain Janeway: Skip the recruiting speech, you were looking for a bar.\n The Doctor: Seven of Nine, how's my favorite Borg today?  Seven of Nine: Annoyed.\n Lieutenant Worf: Nepo!  Capt. Picard: This is mutiny!\n [In reference to the Qomar]  Tuvok: They are interfering with normal ship business.  Captain Janeway: Since when has business on this ship ever been normal?\n"], ["created_at", "2017-06-28 19:14:55.233731"], ["updated_at", "2017-06-28 19:14:55.233731"]]
  [1m[35m (0.2ms)[0m  [1m[35mCOMMIT[0m
  [1m[35m (0.1ms)[0m  [1m[35mBEGIN[0m
  [1m[35mSQL (0.2ms)[0m  [1m[32mINSERT INTO "blogs" ("title", "body", "created_at", "updated_at") VALUES ($1, $2, $3, $4) RETURNING "id"[0m  [["title", "Blog entry 5"], ["body", " Seska: I won't play these games with the trick of light.  The Doctor: Sticks and stones won't break my bones, so you can imagine how I feel about being called names.\n Tom Paris: Well, Harry and I wanted to explore the station. We wanted to broaden our understanding of alien cultures and...  Captain Janeway: Skip the recruiting speech, you were looking for a bar.\n The Doctor: Seven of Nine, how's my favorite Borg today?  Seven of Nine: Annoyed.\n Lieutenant Worf: Nepo!  Capt. Picard: This is mutiny!\n [In reference to the Qomar]  Tuvok: They are interfering with normal ship business.  Captain Janeway: Since when has business on this ship ever been normal?\n"], ["created_at", "2017-06-28 19:14:55.235152"], ["updated_at", "2017-06-28 19:14:55.235152"]]
  [1m[35m (0.3ms)[0m  [1m[35mCOMMIT[0m
  [1m[35m (0.1ms)[0m  [1m[35mBEGIN[0m
  [1m[35mSQL (0.2ms)[0m  [1m[32mINSERT INTO "blogs" ("title", "body", "created_at", "updated_at") VALUES ($1, $2, $3, $4) RETURNING "id"[0m  [["title", "Blog entry 6"], ["body", " Seska: I won't play these games with the trick of light.  The Doctor: Sticks and stones won't break my bones, so you can imagine how I feel about being called names.\n Tom Paris: Well, Harry and I wanted to explore the station. We wanted to broaden our understanding of alien cultures and...  Captain Janeway: Skip the recruiting speech, you were looking for a bar.\n The Doctor: Seven of Nine, how's my favorite Borg today?  Seven of Nine: Annoyed.\n Lieutenant Worf: Nepo!  Capt. Picard: This is mutiny!\n [In reference to the Qomar]  Tuvok: They are interfering with normal ship business.  Captain Janeway: Since when has business on this ship ever been normal?\n"], ["created_at", "2017-06-28 19:14:55.236520"], ["updated_at", "2017-06-28 19:14:55.236520"]]
  [1m[35m (0.2ms)[0m  [1m[35mCOMMIT[0m
  [1m[35m (0.1ms)[0m  [1m[35mBEGIN[0m
  [1m[35mSQL (0.3ms)[0m  [1m[32mINSERT INTO "blogs" ("title", "body", "created_at", "updated_at") VALUES ($1, $2, $3, $4) RETURNING "id"[0m  [["title", "Blog entry 7"], ["body", " Seska: I won't play these games with the trick of light.  The Doctor: Sticks and stones won't break my bones, so you can imagine how I feel about being called names.\n Tom Paris: Well, Harry and I wanted to explore the station. We wanted to broaden our understanding of alien cultures and...  Captain Janeway: Skip the recruiting speech, you were looking for a bar.\n The Doctor: Seven of Nine, how's my favorite Borg today?  Seven of Nine: Annoyed.\n Lieutenant Worf: Nepo!  Capt. Picard: This is mutiny!\n [In reference to the Qomar]  Tuvok: They are interfering with normal ship business.  Captain Janeway: Since when has business on this ship ever been normal?\n"], ["created_at", "2017-06-28 19:14:55.237903"], ["updated_at", "2017-06-28 19:14:55.237903"]]
  [1m[35m (0.3ms)[0m  [1m[35mCOMMIT[0m
  [1m[35m (0.1ms)[0m  [1m[35mBEGIN[0m
  [1m[35mSQL (0.2ms)[0m  [1m[32mINSERT INTO "blogs" ("title", "body", "created_at", "updated_at") VALUES ($1, $2, $3, $4) RETURNING "id"[0m  [["title", "Blog entry 8"], ["body", " Seska: I won't play these games with the trick of light.  The Doctor: Sticks and stones won't break my bones, so you can imagine how I feel about being called names.\n Tom Paris: Well, Harry and I wanted to explore the station. We wanted to broaden our understanding of alien cultures and...  Captain Janeway: Skip the recruiting speech, you were looking for a bar.\n The Doctor: Seven of Nine, how's my favorite Borg today?  Seven of Nine: Annoyed.\n Lieutenant Worf: Nepo!  Capt. Picard: This is mutiny!\n [In reference to the Qomar]  Tuvok: They are interfering with normal ship business.  Captain Janeway: Since when has business on this ship ever been normal?\n"], ["created_at", "2017-06-28 19:14:55.239202"], ["updated_at", "2017-06-28 19:14:55.239202"]]
  [1m[35m (0.3ms)[0m  [1m[35mCOMMIT[0m
  [1m[35m (0.1ms)[0m  [1m[35mBEGIN[0m
  [1m[35mSQL (0.2ms)[0m  [1m[32mINSERT INTO "blogs" ("title", "body", "created_at", "updated_at") VALUES ($1, $2, $3, $4) RETURNING "id"[0m  [["title", "Blog entry 9"], ["body", " Seska: I won't play these games with the trick of light.  The Doctor: Sticks and stones won't break my bones, so you can imagine how I feel about being called names.\n Tom Paris: Well, Harry and I wanted to explore the station. We wanted to broaden our understanding of alien cultures and...  Captain Janeway: Skip the recruiting speech, you were looking for a bar.\n The Doctor: Seven of Nine, how's my favorite Borg today?  Seven of Nine: Annoyed.\n Lieutenant Worf: Nepo!  Capt. Picard: This is mutiny!\n [In reference to the Qomar]  Tuvok: They are interfering with normal ship business.  Captain Janeway: Since when has business on this ship ever been normal?\n"], ["created_at", "2017-06-28 19:14:55.240484"], ["updated_at", "2017-06-28 19:14:55.240484"]]
  [1m[35m (0.3ms)[0m  [1m[35mCOMMIT[0m
  [1m[35m (0.1ms)[0m  [1m[35mBEGIN[0m
  [1m[35mSQL (0.5ms)[0m  [1m[32mINSERT INTO "skills" ("title", "percent_utilized", "created_at", "updated_at") VALUES ($1, $2, $3, $4) RETURNING "id"[0m  [["title", "Rails 0"], ["percent_utilized", 84], ["created_at", "2017-06-28 19:14:55.249892"], ["updated_at", "2017-06-28 19:14:55.249892"]]
  [1m[35m (0.3ms)[0m  [1m[35mCOMMIT[0m
  [1m[35m (0.1ms)[0m  [1m[35mBEGIN[0m
  [1m[35mSQL (0.2ms)[0m  [1m[32mINSERT INTO "skills" ("title", "percent_utilized", "created_at", "updated_at") VALUES ($1, $2, $3, $4) RETURNING "id"[0m  [["title", "Rails 1"], ["percent_utilized", 50], ["created_at", "2017-06-28 19:14:55.252151"], ["updated_at", "2017-06-28 19:14:55.252151"]]
  [1m[35m (0.2ms)[0m  [1m[35mCOMMIT[0m
  [1m[35m (0.1ms)[0m  [1m[35mBEGIN[0m
  [1m[35mSQL (0.3ms)[0m  [1m[32mINSERT INTO "skills" ("title", "percent_utilized", "created_at", "updated_at") VALUES ($1, $2, $3, $4) RETURNING "id"[0m  [["title", "Rails 2"], ["percent_utilized", 36], ["created_at", "2017-06-28 19:14:55.253537"], ["updated_at", "2017-06-28 19:14:55.253537"]]
  [1m[35m (0.2ms)[0m  [1m[35mCOMMIT[0m
  [1m[35m (0.1ms)[0m  [1m[35mBEGIN[0m
  [1m[35mSQL (0.2ms)[0m  [1m[32mINSERT INTO "skills" ("title", "percent_utilized", "created_at", "updated_at") VALUES ($1, $2, $3, $4) RETURNING "id"[0m  [["title", "Rails 3"], ["percent_utilized", 46], ["created_at", "2017-06-28 19:14:55.255049"], ["updated_at", "2017-06-28 19:14:55.255049"]]
  [1m[35m (0.2ms)[0m  [1m[35mCOMMIT[0m
  [1m[35m (0.1ms)[0m  [1m[35mBEGIN[0m
  [1m[35mSQL (0.2ms)[0m  [1m[32mINSERT INTO "skills" ("title", "percent_utilized", "created_at", "updated_at") VALUES ($1, $2, $3, $4) RETURNING "id"[0m  [["title", "Rails 4"], ["percent_utilized", 9], ["created_at", "2017-06-28 19:14:55.256669"], ["updated_at", "2017-06-28 19:14:55.256669"]]
  [1m[35m (0.3ms)[0m  [1m[35mCOMMIT[0m
  [1m[35m (0.1ms)[0m  [1m[35mBEGIN[0m
  [1m[35mSQL (0.4ms)[0m  [1m[32mINSERT INTO "portfolios" ("title", "subtitle", "body", "main_image", "thumb_image", "created_at", "updated_at") VALUES ($1, $2, $3, $4, $5, $6, $7) RETURNING "id"[0m  [["title", "Portfolio item 0"], ["subtitle", "Created for xyz"], ["body", " Seska: I won't play these games with the trick of light.  The Doctor: Sticks and stones won't break my bones, so you can imagine how I feel about being called names.\n Tom Paris: Well, Harry and I wanted to explore the station. We wanted to broaden our understanding of alien cultures and...  Captain Janeway: Skip the recruiting speech, you were looking for a bar.\n The Doctor: Seven of Nine, how's my favorite Borg today?  Seven of Nine: Annoyed.\n Lieutenant Worf: Nepo!  Capt. Picard: This is mutiny!\n [In reference to the Qomar]  Tuvok: They are interfering with normal ship business.  Captain Janeway: Since when has business on this ship ever been normal?\n"], ["main_image", "http://placehold.it/600x400"], ["thumb_image", "http://placehold.it/350x200"], ["created_at", "2017-06-28 19:14:55.267223"], ["updated_at", "2017-06-28 19:14:55.267223"]]
  [1m[35m (0.2ms)[0m  [1m[35mCOMMIT[0m
  [1m[35m (0.1ms)[0m  [1m[35mBEGIN[0m
  [1m[35mSQL (0.8ms)[0m  [1m[32mINSERT INTO "portfolios" ("title", "subtitle", "body", "main_image", "thumb_image", "created_at", "updated_at") VALUES ($1, $2, $3, $4, $5, $6, $7) RETURNING "id"[0m  [["title", "Portfolio item 1"], ["subtitle", "Created for xyz"], ["body", " Seska: I won't play these games with the trick of light.  The Doctor: Sticks and stones won't break my bones, so you can imagine how I feel about being called names.\n Tom Paris: Well, Harry and I wanted to explore the station. We wanted to broaden our understanding of alien cultures and...  Captain Janeway: Skip the recruiting speech, you were looking for a bar.\n The Doctor: Seven of Nine, how's my favorite Borg today?  Seven of Nine: Annoyed.\n Lieutenant Worf: Nepo!  Capt. Picard: This is mutiny!\n [In reference to the Qomar]  Tuvok: They are interfering with normal ship business.  Captain Janeway: Since when has business on this ship ever been normal?\n"], ["main_image", "http://placehold.it/600x400"], ["thumb_image", "http://placehold.it/350x200"], ["created_at", "2017-06-28 19:14:55.269028"], ["updated_at", "2017-06-28 19:14:55.269028"]]
  [1m[35m (0.2ms)[0m  [1m[35mCOMMIT[0m
  [1m[35m (0.1ms)[0m  [1m[35mBEGIN[0m
  [1m[35mSQL (0.3ms)[0m  [1m[32mINSERT INTO "portfolios" ("title", "subtitle", "body", "main_image", "thumb_image", "created_at", "updated_at") VALUES ($1, $2, $3, $4, $5, $6, $7) RETURNING "id"[0m  [["title", "Portfolio item 2"], ["subtitle", "Created for xyz"], ["body", " Seska: I won't play these games with the trick of light.  The Doctor: Sticks and stones won't break my bones, so you can imagine how I feel about being called names.\n Tom Paris: Well, Harry and I wanted to explore the station. We wanted to broaden our understanding of alien cultures and...  Captain Janeway: Skip the recruiting speech, you were looking for a bar.\n The Doctor: Seven of Nine, how's my favorite Borg today?  Seven of Nine: Annoyed.\n Lieutenant Worf: Nepo!  Capt. Picard: This is mutiny!\n [In reference to the Qomar]  Tuvok: They are interfering with normal ship business.  Captain Janeway: Since when has business on this ship ever been normal?\n"], ["main_image", "http://placehold.it/600x400"], ["thumb_image", "http://placehold.it/350x200"], ["created_at", "2017-06-28 19:14:55.271008"], ["updated_at", "2017-06-28 19:14:55.271008"]]
  [1m[35m (0.2ms)[0m  [1m[35mCOMMIT[0m
  [1m[35m (0.1ms)[0m  [1m[35mBEGIN[0m
  [1m[35mSQL (0.2ms)[0m  [1m[32mINSERT INTO "portfolios" ("title", "subtitle", "body", "main_image", "thumb_image", "created_at", "updated_at") VALUES ($1, $2, $3, $4, $5, $6, $7) RETURNING "id"[0m  [["title", "Portfolio item 3"], ["subtitle", "Created for xyz"], ["body", " Seska: I won't play these games with the trick of light.  The Doctor: Sticks and stones won't break my bones, so you can imagine how I feel about being called names.\n Tom Paris: Well, Harry and I wanted to explore the station. We wanted to broaden our understanding of alien cultures and...  Captain Janeway: Skip the recruiting speech, you were looking for a bar.\n The Doctor: Seven of Nine, how's my favorite Borg today?  Seven of Nine: Annoyed.\n Lieutenant Worf: Nepo!  Capt. Picard: This is mutiny!\n [In reference to the Qomar]  Tuvok: They are interfering with normal ship business.  Captain Janeway: Since when has business on this ship ever been normal?\n"], ["main_image", "http://placehold.it/600x400"], ["thumb_image", "http://placehold.it/350x200"], ["created_at", "2017-06-28 19:14:55.272467"], ["updated_at", "2017-06-28 19:14:55.272467"]]
  [1m[35m (0.2ms)[0m  [1m[35mCOMMIT[0m
  [1m[35m (0.1ms)[0m  [1m[35mBEGIN[0m
  [1m[35mSQL (0.3ms)[0m  [1m[32mINSERT INTO "portfolios" ("title", "subtitle", "body", "main_image", "thumb_image", "created_at", "updated_at") VALUES ($1, $2, $3, $4, $5, $6, $7) RETURNING "id"[0m  [["title", "Portfolio item 4"], ["subtitle", "Created for xyz"], ["body", " Seska: I won't play these games with the trick of light.  The Doctor: Sticks and stones won't break my bones, so you can imagine how I feel about being called names.\n Tom Paris: Well, Harry and I wanted to explore the station. We wanted to broaden our understanding of alien cultures and...  Captain Janeway: Skip the recruiting speech, you were looking for a bar.\n The Doctor: Seven of Nine, how's my favorite Borg today?  Seven of Nine: Annoyed.\n Lieutenant Worf: Nepo!  Capt. Picard: This is mutiny!\n [In reference to the Qomar]  Tuvok: They are interfering with normal ship business.  Captain Janeway: Since when has business on this ship ever been normal?\n"], ["main_image", "http://placehold.it/600x400"], ["thumb_image", "http://placehold.it/350x200"], ["created_at", "2017-06-28 19:14:55.274038"], ["updated_at", "2017-06-28 19:14:55.274038"]]
  [1m[35m (0.3ms)[0m  [1m[35mCOMMIT[0m
  [1m[35m (0.1ms)[0m  [1m[35mBEGIN[0m
  [1m[35mSQL (0.3ms)[0m  [1m[32mINSERT INTO "portfolios" ("title", "subtitle", "body", "main_image", "thumb_image", "created_at", "updated_at") VALUES ($1, $2, $3, $4, $5, $6, $7) RETURNING "id"[0m  [["title", "Portfolio item 5"], ["subtitle", "Created for xyz"], ["body", " Seska: I won't play these games with the trick of light.  The Doctor: Sticks and stones won't break my bones, so you can imagine how I feel about being called names.\n Tom Paris: Well, Harry and I wanted to explore the station. We wanted to broaden our understanding of alien cultures and...  Captain Janeway: Skip the recruiting speech, you were looking for a bar.\n The Doctor: Seven of Nine, how's my favorite Borg today?  Seven of Nine: Annoyed.\n Lieutenant Worf: Nepo!  Capt. Picard: This is mutiny!\n [In reference to the Qomar]  Tuvok: They are interfering with normal ship business.  Captain Janeway: Since when has business on this ship ever been normal?\n"], ["main_image", "http://placehold.it/600x400"], ["thumb_image", "http://placehold.it/350x200"], ["created_at", "2017-06-28 19:14:55.276096"], ["updated_at", "2017-06-28 19:14:55.276096"]]
  [1m[35m (0.4ms)[0m  [1m[35mCOMMIT[0m
  [1m[35m (0.1ms)[0m  [1m[35mBEGIN[0m
  [1m[35mSQL (0.4ms)[0m  [1m[32mINSERT INTO "portfolios" ("title", "subtitle", "body", "main_image", "thumb_image", "created_at", "updated_at") VALUES ($1, $2, $3, $4, $5, $6, $7) RETURNING "id"[0m  [["title", "Portfolio item 6"], ["subtitle", "Created for xyz"], ["body", " Seska: I won't play these games with the trick of light.  The Doctor: Sticks and stones won't break my bones, so you can imagine how I feel about being called names.\n Tom Paris: Well, Harry and I wanted to explore the station. We wanted to broaden our understanding of alien cultures and...  Captain Janeway: Skip the recruiting speech, you were looking for a bar.\n The Doctor: Seven of Nine, how's my favorite Borg today?  Seven of Nine: Annoyed.\n Lieutenant Worf: Nepo!  Capt. Picard: This is mutiny!\n [In reference to the Qomar]  Tuvok: They are interfering with normal ship business.  Captain Janeway: Since when has business on this ship ever been normal?\n"], ["main_image", "http://placehold.it/600x400"], ["thumb_image", "http://placehold.it/350x200"], ["created_at", "2017-06-28 19:14:55.278273"], ["updated_at", "2017-06-28 19:14:55.278273"]]
  [1m[35m (0.3ms)[0m  [1m[35mCOMMIT[0m
  [1m[35m (0.1ms)[0m  [1m[35mBEGIN[0m
  [1m[35mSQL (0.2ms)[0m  [1m[32mINSERT INTO "portfolios" ("title", "subtitle", "body", "main_image", "thumb_image", "created_at", "updated_at") VALUES ($1, $2, $3, $4, $5, $6, $7) RETURNING "id"[0m  [["title", "Portfolio item 7"], ["subtitle", "Created for xyz"], ["body", " Seska: I won't play these games with the trick of light.  The Doctor: Sticks and stones won't break my bones, so you can imagine how I feel about being called names.\n Tom Paris: Well, Harry and I wanted to explore the station. We wanted to broaden our understanding of alien cultures and...  Captain Janeway: Skip the recruiting speech, you were looking for a bar.\n The Doctor: Seven of Nine, how's my favorite Borg today?  Seven of Nine: Annoyed.\n Lieutenant Worf: Nepo!  Capt. Picard: This is mutiny!\n [In reference to the Qomar]  Tuvok: They are interfering with normal ship business.  Captain Janeway: Since when has business on this ship ever been normal?\n"], ["main_image", "http://placehold.it/600x400"], ["thumb_image", "http://placehold.it/350x200"], ["created_at", "2017-06-28 19:14:55.280654"], ["updated_at", "2017-06-28 19:14:55.280654"]]
  [1m[35m (0.2ms)[0m  [1m[35mCOMMIT[0m
  [1m[35m (0.1ms)[0m  [1m[35mBEGIN[0m
  [1m[35mSQL (0.2ms)[0m  [1m[32mINSERT INTO "portfolios" ("title", "subtitle", "body", "main_image", "thumb_image", "created_at", "updated_at") VALUES ($1, $2, $3, $4, $5, $6, $7) RETURNING "id"[0m  [["title", "Portfolio item 8"], ["subtitle", "Created for xyz"], ["body", " Seska: I won't play these games with the trick of light.  The Doctor: Sticks and stones won't break my bones, so you can imagine how I feel about being called names.\n Tom Paris: Well, Harry and I wanted to explore the station. We wanted to broaden our understanding of alien cultures and...  Captain Janeway: Skip the recruiting speech, you were looking for a bar.\n The Doctor: Seven of Nine, how's my favorite Borg today?  Seven of Nine: Annoyed.\n Lieutenant Worf: Nepo!  Capt. Picard: This is mutiny!\n [In reference to the Qomar]  Tuvok: They are interfering with normal ship business.  Captain Janeway: Since when has business on this ship ever been normal?\n"], ["main_image", "http://placehold.it/600x400"], ["thumb_image", "http://placehold.it/350x200"], ["created_at", "2017-06-28 19:14:55.282054"], ["updated_at", "2017-06-28 19:14:55.282054"]]
  [1m[35m (0.3ms)[0m  [1m[35mCOMMIT[0m
Started GET "/pages/home" for 127.0.0.1 at 2017-06-28 12:16:06 -0700
  [1m[36mActiveRecord::SchemaMigration Load (0.5ms)[0m  [1m[34mSELECT "schema_migrations".* FROM "schema_migrations"[0m
Processing by PagesController#home as HTML
  Rendering pages/home.html.erb within layouts/application
  Rendered pages/home.html.erb within layouts/application (1.4ms)
Completed 200 OK in 242ms (Views: 227.1ms | ActiveRecord: 0.0ms)


Started GET "/pages/home" for 127.0.0.1 at 2017-06-28 12:16:16 -0700
Processing by PagesController#home as HTML
  Rendering pages/home.html.erb within layouts/application
  Rendered pages/home.html.erb within layouts/application (0.3ms)
Completed 200 OK in 23ms (Views: 20.3ms | ActiveRecord: 0.0ms)


Started GET "/pages/home" for 127.0.0.1 at 2017-06-28 16:29:26 -0700
  [1m[36mActiveRecord::SchemaMigration Load (0.7ms)[0m  [1m[34mSELECT "schema_migrations".* FROM "schema_migrations"[0m
Processing by PagesController#home as HTML
  Rendering pages/home.html.erb within layouts/application
  Rendered pages/home.html.erb within layouts/application (1.1ms)
Completed 200 OK in 237ms (Views: 222.9ms | ActiveRecord: 0.0ms)


Started GET "/pages/home" for 127.0.0.1 at 2017-06-28 16:35:47 -0700
Processing by PagesController#home as HTML
  Rendering pages/home.html.erb within layouts/application
  Rendered pages/home.html.erb within layouts/application (0.3ms)
Completed 200 OK in 27ms (Views: 21.4ms | ActiveRecord: 0.0ms)


Started GET "/" for 127.0.0.1 at 2017-06-28 16:35:52 -0700
Processing by PagesController#home as HTML
  Rendering pages/home.html.erb within layouts/application
  Rendered pages/home.html.erb within layouts/application (0.3ms)
Completed 200 OK in 23ms (Views: 20.9ms | ActiveRecord: 0.0ms)


Started GET "/" for 127.0.0.1 at 2017-06-28 16:36:59 -0700
Processing by PagesController#home as HTML
  Rendering pages/home.html.erb within layouts/application
  Rendered pages/home.html.erb within layouts/application (0.5ms)
Completed 200 OK in 35ms (Views: 33.3ms | ActiveRecord: 0.0ms)


Started GET "/" for 127.0.0.1 at 2017-06-28 16:37:32 -0700
Processing by PagesController#home as HTML
  Rendering pages/home.html.erb within layouts/application
  Rendered pages/home.html.erb within layouts/application (0.3ms)
Completed 200 OK in 26ms (Views: 24.5ms | ActiveRecord: 0.0ms)


Started GET "/" for 127.0.0.1 at 2017-06-28 16:37:52 -0700
Processing by PagesController#home as HTML
  Rendering pages/home.html.erb within layouts/application
  Rendered pages/home.html.erb within layouts/application (0.3ms)
Completed 200 OK in 22ms (Views: 20.2ms | ActiveRecord: 0.0ms)


Started GET "/" for 127.0.0.1 at 2017-06-28 16:39:00 -0700
Processing by PagesController#home as HTML
  Rendering pages/home.html.erb within layouts/application
  Rendered pages/home.html.erb within layouts/application (0.3ms)
Completed 200 OK in 22ms (Views: 19.7ms | ActiveRecord: 0.0ms)


Started GET "/" for 127.0.0.1 at 2017-06-28 16:43:27 -0700
Processing by PagesController#home as HTML
  Rendering pages/home.html.erb within layouts/application
  Rendered pages/home.html.erb within layouts/application (0.3ms)
Completed 200 OK in 37ms (Views: 35.7ms | ActiveRecord: 0.0ms)


Started GET "/" for 127.0.0.1 at 2017-06-28 16:43:56 -0700
Processing by PagesController#home as HTML
  Rendering pages/home.html.erb within layouts/application
  Rendered pages/home.html.erb within layouts/application (0.3ms)
Completed 200 OK in 25ms (Views: 22.9ms | ActiveRecord: 0.0ms)


